2021/01/06 08:42:57 (FileName=frmChkFileCompare)(FuncName=cmdComapre_Click)(ErrorMsg='46' の値は 'Value' に対して有効ではありません。'Value' は 'minimum' と 'maximum' の間でなければなりません。
パラメータ名: Value)
2021/01/06 13:15:58 (FileName=modCommon)(FuncName=gMakeChannelGroupData)(ErrorMsg=オブジェクト参照がオブジェクト インスタンスに設定されていません。)
2021/01/06 13:16:01 (FileName=modCommon)(FuncName=gMakeChannelGroupData)(ErrorMsg=オブジェクト参照がオブジェクト インスタンスに設定されていません。)
2021/01/06 13:16:02 (FileName=frmChListChannelList)(FuncName=frmChListChannelList_Load)(ErrorMsg=オブジェクト参照がオブジェクト インスタンスに設定されていません。)
2021/01/06 13:21:40 (FileName=modCommon)(FuncName=gMakeChannelGroupData)(ErrorMsg=オブジェクト参照がオブジェクト インスタンスに設定されていません。)
2021/01/06 13:21:41 (FileName=modCommon)(FuncName=gMakeChannelGroupData)(ErrorMsg=オブジェクト参照がオブジェクト インスタンスに設定されていません。)
2021/01/06 13:21:42 (FileName=frmChListChannelList)(FuncName=frmChListChannelList_Load)(ErrorMsg=オブジェクト参照がオブジェクト インスタンスに設定されていません。)
2021/01/06 13:22:00 (FileName=frmChListChannelList)(FuncName=mSaveChData)(ErrorMsg=String "" から型 'Double' への変換は無効です。)
2021/01/06 13:22:04 (FileName=frmChListChannelList)(FuncName=mSaveChData)(ErrorMsg=String "" から型 'Double' への変換は無効です。)
2021/01/06 13:22:06 (FileName=frmChListChannelList)(FuncName=mSaveChData)(ErrorMsg=String "" から型 'Double' への変換は無効です。)
2021/01/06 13:22:33 (FileName=modCommon)(FuncName=gMakeChannelGroupData)(ErrorMsg=オブジェクト参照がオブジェクト インスタンスに設定されていません。)
2021/01/06 13:22:35 (FileName=modCommon)(FuncName=gMakeChannelGroupData)(ErrorMsg=オブジェクト参照がオブジェクト インスタンスに設定されていません。)
2021/01/06 13:22:35 (FileName=frmChListChannelList)(FuncName=frmChListChannelList_Load)(ErrorMsg=オブジェクト参照がオブジェクト インスタンスに設定されていません。)
2021/01/06 13:23:07 (FileName=frmChListChannelList)(FuncName=SetInputDataChk)(ErrorMsg=オブジェクト参照がオブジェクト インスタンスに設定されていません。)
2021/01/06 13:23:09 (FileName=frmChListChannelList)(FuncName=SetInputDataChk)(ErrorMsg=オブジェクト参照がオブジェクト インスタンスに設定されていません。)
2021/01/06 13:23:40 (FileName=modCommon)(FuncName=gMakeChannelGroupData)(ErrorMsg=オブジェクト参照がオブジェクト インスタンスに設定されていません。)
2021/01/06 13:23:42 (FileName=modCommon)(FuncName=gMakeChannelGroupData)(ErrorMsg=オブジェクト参照がオブジェクト インスタンスに設定されていません。)
2021/01/06 13:23:43 (FileName=frmChListChannelList)(FuncName=frmChListChannelList_Load)(ErrorMsg=オブジェクト参照がオブジェクト インスタンスに設定されていません。)
2021/01/06 13:24:02 (FileName=frmChListChannelList)(FuncName=SetInputDataChk)(ErrorMsg=オブジェクト参照がオブジェクト インスタンスに設定されていません。)
2021/01/06 13:28:51 (FileName=modCommon)(FuncName=gMakeChannelGroupData)(ErrorMsg=オブジェクト参照がオブジェクト インスタンスに設定されていません。)
2021/01/06 13:28:52 (FileName=modCommon)(FuncName=gMakeChannelGroupData)(ErrorMsg=オブジェクト参照がオブジェクト インスタンスに設定されていません。)
2021/01/06 13:28:53 (FileName=frmChListChannelList)(FuncName=frmChListChannelList_Load)(ErrorMsg=オブジェクト参照がオブジェクト インスタンスに設定されていません。)
